# JRE version: OpenJDK Runtime Environment (8.0) (build 1.8.0-25-microsoft-b00)
# Java VM: OpenJDK 64-Bit Server VM (25.71-b00 mixed mode windows-amd64 compressed oops)
Heap:
 PSYoungGen      total 300544K, used 208890K [0x00000000e0000000, 0x00000000f5780000, 0x0000000100000000)
  eden space 271872K, 71% used [0x00000000e0000000,0x00000000ebf160f0,0x00000000f0980000)
  from space 28672K, 46% used [0x00000000f3b80000,0x00000000f4868ab8,0x00000000f5780000)
  to   space 39936K, 0% used [0x00000000f0980000,0x00000000f0980000,0x00000000f3080000)
 ParOldGen       total 188928K, used 98672K [0x00000000a0000000, 0x00000000ab880000, 0x00000000e0000000)
  object space 188928K, 52% used [0x00000000a0000000,0x00000000a605c168,0x00000000ab880000)
 Metaspace       used 76819K, capacity 81116K, committed 81320K, reserved 1120256K
  class space    used 10169K, capacity 11092K, committed 11184K, reserved 1048576K
GC Heap History (10 events):
Event: 49.219 GC heap before
{Heap before GC invocations=19 (full 4):
 PSYoungGen      total 266240K, used 2489K [0x00000000e0000000, 0x00000000f1e80000, 0x0000000100000000)
  eden space 240128K, 1% used [0x00000000e0000000,0x00000000e026e4e0,0x00000000eea80000)
  from space 26112K, 0% used [0x00000000f0500000,0x00000000f0500000,0x00000000f1e80000)
  to   space 26624K, 0% used [0x00000000eea80000,0x00000000eea80000,0x00000000f0480000)
 ParOldGen       total 188928K, used 61550K [0x00000000a0000000, 0x00000000ab880000, 0x00000000e0000000)
  object space 188928K, 32% used [0x00000000a0000000,0x00000000a3c1b8d8,0x00000000ab880000)
 Metaspace       used 65182K, capacity 67946K, committed 68392K, reserved 1107968K
  class space    used 8931K, capacity 9627K, committed 9776K, reserved 1048576K
Event: 49.222 GC heap after
Heap after GC invocations=19 (full 4):
 PSYoungGen      total 266752K, used 96K [0x00000000e0000000, 0x00000000f1f80000, 0x0000000100000000)
  eden space 240128K, 0% used [0x00000000e0000000,0x00000000e0000000,0x00000000eea80000)
  from space 26624K, 0% used [0x00000000eea80000,0x00000000eea98000,0x00000000f0480000)
  to   space 27136K, 0% used [0x00000000f0500000,0x00000000f0500000,0x00000000f1f80000)
 ParOldGen       total 188928K, used 61550K [0x00000000a0000000, 0x00000000ab880000, 0x00000000e0000000)
  object space 188928K, 32% used [0x00000000a0000000,0x00000000a3c1b8d8,0x00000000ab880000)
 Metaspace       used 65182K, capacity 67946K, committed 68392K, reserved 1107968K
  class space    used 8931K, capacity 9627K, committed 9776K, reserved 1048576K
}
Event: 49.222 GC heap before
{Heap before GC invocations=20 (full 5):
 PSYoungGen      total 266752K, used 96K [0x00000000e0000000, 0x00000000f1f80000, 0x0000000100000000)
  eden space 240128K, 0% used [0x00000000e0000000,0x00000000e0000000,0x00000000eea80000)
  from space 26624K, 0% used [0x00000000eea80000,0x00000000eea98000,0x00000000f0480000)
  to   space 27136K, 0% used [0x00000000f0500000,0x00000000f0500000,0x00000000f1f80000)
 ParOldGen       total 188928K, used 61550K [0x00000000a0000000, 0x00000000ab880000, 0x00000000e0000000)
  object space 188928K, 32% used [0x00000000a0000000,0x00000000a3c1b8d8,0x00000000ab880000)
 Metaspace       used 65182K, capacity 67946K, committed 68392K, reserved 1107968K
  class space    used 8931K, capacity 9627K, committed 9776K, reserved 1048576K
Event: 49.491 GC heap after
Heap after GC invocations=20 (full 5):
 PSYoungGen      total 266752K, used 0K [0x00000000e0000000, 0x00000000f1f80000, 0x0000000100000000)
  eden space 240128K, 0% used [0x00000000e0000000,0x00000000e0000000,0x00000000eea80000)
  from space 26624K, 0% used [0x00000000eea80000,0x00000000eea80000,0x00000000f0480000)
  to   space 27136K, 0% used [0x00000000f0500000,0x00000000f0500000,0x00000000f1f80000)
 ParOldGen       total 188928K, used 60946K [0x00000000a0000000, 0x00000000ab880000, 0x00000000e0000000)
  object space 188928K, 32% used [0x00000000a0000000,0x00000000a3b84850,0x00000000ab880000)
 Metaspace       used 65182K, capacity 67946K, committed 68392K, reserved 1107968K
  class space    used 8931K, capacity 9627K, committed 9776K, reserved 1048576K
}
Event: 53.552 GC heap before
{Heap before GC invocations=21 (full 5):
 PSYoungGen      total 266752K, used 238288K [0x00000000e0000000, 0x00000000f1f80000, 0x0000000100000000)
  eden space 240128K, 99% used [0x00000000e0000000,0x00000000ee8b41c0,0x00000000eea80000)
  from space 26624K, 0% used [0x00000000eea80000,0x00000000eea80000,0x00000000f0480000)
  to   space 27136K, 0% used [0x00000000f0500000,0x00000000f0500000,0x00000000f1f80000)
 ParOldGen       total 188928K, used 60946K [0x00000000a0000000, 0x00000000ab880000, 0x00000000e0000000)
  object space 188928K, 32% used [0x00000000a0000000,0x00000000a3b84850,0x00000000ab880000)
 Metaspace       used 70704K, capacity 73848K, committed 74024K, reserved 1112064K
  class space    used 9669K, capacity 10438K, committed 10544K, reserved 1048576K
Event: 53.581 GC heap after
Heap after GC invocations=21 (full 5):
 PSYoungGen      total 252416K, used 27126K [0x00000000e0000000, 0x00000000f8080000, 0x0000000100000000)
  eden space 225280K, 0% used [0x00000000e0000000,0x00000000e0000000,0x00000000edc00000)
  from space 27136K, 99% used [0x00000000f0500000,0x00000000f1f7dba8,0x00000000f1f80000)
  to   space 41984K, 0% used [0x00000000edc00000,0x00000000edc00000,0x00000000f0500000)
 ParOldGen       total 188928K, used 89385K [0x00000000a0000000, 0x00000000ab880000, 0x00000000e0000000)
  object space 188928K, 47% used [0x00000000a0000000,0x00000000a574a528,0x00000000ab880000)
 Metaspace       used 70704K, capacity 73848K, committed 74024K, reserved 1112064K
  class space    used 9669K, capacity 10438K, committed 10544K, reserved 1048576K
}
Event: 1476.887 GC heap before
{Heap before GC invocations=22 (full 5):
 PSYoungGen      total 252416K, used 252406K [0x00000000e0000000, 0x00000000f8080000, 0x0000000100000000)
  eden space 225280K, 100% used [0x00000000e0000000,0x00000000edc00000,0x00000000edc00000)
  from space 27136K, 99% used [0x00000000f0500000,0x00000000f1f7dba8,0x00000000f1f80000)
  to   space 41984K, 0% used [0x00000000edc00000,0x00000000edc00000,0x00000000f0500000)
 ParOldGen       total 188928K, used 89385K [0x00000000a0000000, 0x00000000ab880000, 0x00000000e0000000)
  object space 188928K, 47% used [0x00000000a0000000,0x00000000a574a528,0x00000000ab880000)
 Metaspace       used 75285K, capacity 78888K, committed 79016K, reserved 1118208K
  class space    used 10015K, capacity 10814K, committed 10928K, reserved 1048576K
Event: 1476.930 GC heap after
Heap after GC invocations=22 (full 5):
 PSYoungGen      total 267264K, used 22463K [0x00000000e0000000, 0x00000000f6500000, 0x0000000100000000)
  eden space 225280K, 0% used [0x00000000e0000000,0x00000000e0000000,0x00000000edc00000)
  from space 41984K, 53% used [0x00000000edc00000,0x00000000ef1efeb8,0x00000000f0500000)
  to   space 42496K, 0% used [0x00000000f3b80000,0x00000000f3b80000,0x00000000f6500000)
 ParOldGen       total 188928K, used 98664K [0x00000000a0000000, 0x00000000ab880000, 0x00000000e0000000)
  object space 188928K, 52% used [0x00000000a0000000,0x00000000a605a168,0x00000000ab880000)
 Metaspace       used 75285K, capacity 78888K, committed 79016K, reserved 1118208K
  class space    used 10015K, capacity 10814K, committed 10928K, reserved 1048576K
}
Event: 1591.805 GC heap before
{Heap before GC invocations=23 (full 5):
 PSYoungGen      total 267264K, used 247743K [0x00000000e0000000, 0x00000000f6500000, 0x0000000100000000)
  eden space 225280K, 100% used [0x00000000e0000000,0x00000000edc00000,0x00000000edc00000)
  from space 41984K, 53% used [0x00000000edc00000,0x00000000ef1efeb8,0x00000000f0500000)
  to   space 42496K, 0% used [0x00000000f3b80000,0x00000000f3b80000,0x00000000f6500000)
 ParOldGen       total 188928K, used 98664K [0x00000000a0000000, 0x00000000ab880000, 0x00000000e0000000)
  object space 188928K, 52% used [0x00000000a0000000,0x00000000a605a168,0x00000000ab880000)
 Metaspace       used 76454K, capacity 80618K, committed 80680K, reserved 1118208K
  class space    used 10140K, capacity 11041K, committed 11056K, reserved 1048576K
Event: 1591.833 GC heap after
Heap after GC invocations=23 (full 5):
 PSYoungGen      total 300544K, used 13218K [0x00000000e0000000, 0x00000000f5780000, 0x0000000100000000)
  eden space 271872K, 0% used [0x00000000e0000000,0x00000000e0000000,0x00000000f0980000)
  from space 28672K, 46% used [0x00000000f3b80000,0x00000000f4868ab8,0x00000000f5780000)
  to   space 39936K, 0% used [0x00000000f0980000,0x00000000f0980000,0x00000000f3080000)
 ParOldGen       total 188928K, used 98672K [0x00000000a0000000, 0x00000000ab880000, 0x00000000e0000000)
  object space 188928K, 52% used [0x00000000a0000000,0x00000000a605c168,0x00000000ab880000)
 Metaspace       used 76454K, capacity 80618K, committed 80680K, reserved 1118208K
  class space    used 10140K, capacity 11041K, committed 11056K, reserved 1048576K
}

